<?xml version="1.0" encoding="UTF-8"?>
<!-- Generated by org.testng.reporters.JUnitXMLReporter -->
<testsuite hostname="Ahmetcans-Mini" ignored="2" name="My First test" tests="2" failures="0" timestamp="08 Mar 2021 02:19:47 GMT" time="0.027" errors="0">
  <testcase name="test2" time="0.008" classname="firstPackage.Test1"/>
  <testcase name="test4" time="0.001" classname="firstPackage.Test1"/>
  <testcase name="test3" time="0.0" classname="firstPackage.Test1">
    <ignored/>
  </testcase> <!-- test3 -->
  <testcase name="test1" time="0.0" classname="firstPackage.Test1">
    <ignored/>
  </testcase> <!-- test1 -->
</testsuite> <!-- My First test -->
