<?xml version="1.0" encoding="UTF-8"?>
<testng-results skipped="0" failed="0" ignored="0" total="2" passed="2">
  <reporter-output>
  </reporter-output>
  <suite name="Default suite" duration-ms="3763" started-at="2021-04-01T19:41:29Z" finished-at="2021-04-01T19:41:33Z">
    <groups>
    </groups>
    <test name="Default test" duration-ms="3763" started-at="2021-04-01T19:41:29Z" finished-at="2021-04-01T19:41:33Z">
      <class name="firstPackage.Test2">
        <test-method status="PASS" signature="setup()[pri:0, instance:firstPackage.Test2@5622fdf]" name="setup" is-config="true" duration-ms="1940" started-at="2021-04-01T19:41:29Z" finished-at="2021-04-01T19:41:31Z">
          <reporter-output>
          </reporter-output>
        </test-method> <!-- setup -->
        <test-method status="PASS" signature="checkForgotPswLink()[pri:0, instance:firstPackage.Test2@5622fdf]" name="checkForgotPswLink" duration-ms="243" started-at="2021-04-01T19:41:31Z" finished-at="2021-04-01T19:41:31Z">
          <reporter-output>
          </reporter-output>
        </test-method> <!-- checkForgotPswLink -->
        <test-method status="PASS" signature="tearDown()[pri:0, instance:firstPackage.Test2@5622fdf]" name="tearDown" is-config="true" duration-ms="69" started-at="2021-04-01T19:41:31Z" finished-at="2021-04-01T19:41:31Z">
          <reporter-output>
          </reporter-output>
        </test-method> <!-- tearDown -->
        <test-method status="PASS" signature="setup()[pri:0, instance:firstPackage.Test2@5622fdf]" name="setup" is-config="true" duration-ms="1426" started-at="2021-04-01T19:41:31Z" finished-at="2021-04-01T19:41:32Z">
          <reporter-output>
          </reporter-output>
        </test-method> <!-- setup -->
        <test-method status="PASS" signature="checkTitle()[pri:0, instance:firstPackage.Test2@5622fdf]" name="checkTitle" duration-ms="3" started-at="2021-04-01T19:41:32Z" finished-at="2021-04-01T19:41:32Z">
          <reporter-output>
          </reporter-output>
        </test-method> <!-- checkTitle -->
        <test-method status="PASS" signature="tearDown()[pri:0, instance:firstPackage.Test2@5622fdf]" name="tearDown" is-config="true" duration-ms="65" started-at="2021-04-01T19:41:32Z" finished-at="2021-04-01T19:41:33Z">
          <reporter-output>
          </reporter-output>
        </test-method> <!-- tearDown -->
      </class> <!-- firstPackage.Test2 -->
    </test> <!-- Default test -->
  </suite> <!-- Default suite -->
</testng-results>
