<?xml version="1.0" encoding="UTF-8"?>
<testng-results skipped="0" failed="0" ignored="0" total="2" passed="2">
  <reporter-output>
  </reporter-output>
  <suite name="Default suite" duration-ms="5823" started-at="2021-04-01T20:13:27Z" finished-at="2021-04-01T20:13:33Z">
    <groups>
    </groups>
    <test name="Default test" duration-ms="5823" started-at="2021-04-01T20:13:27Z" finished-at="2021-04-01T20:13:33Z">
      <class name="firstPackage.Test3">
        <test-method status="PASS" signature="setup()[pri:0, instance:firstPackage.Test3@5622fdf]" name="setup" is-config="true" duration-ms="3685" started-at="2021-04-01T20:13:27Z" finished-at="2021-04-01T20:13:31Z">
          <reporter-output>
          </reporter-output>
        </test-method> <!-- setup -->
        <test-method status="PASS" signature="checkForgotPswLink()[pri:0, instance:firstPackage.Test3@5622fdf]" name="checkForgotPswLink" duration-ms="256" started-at="2021-04-01T20:13:31Z" finished-at="2021-04-01T20:13:31Z">
          <reporter-output>
          </reporter-output>
        </test-method> <!-- checkForgotPswLink -->
        <test-method status="PASS" signature="tearDown()[pri:0, instance:firstPackage.Test3@5622fdf]" name="tearDown" is-config="true" duration-ms="69" started-at="2021-04-01T20:13:31Z" finished-at="2021-04-01T20:13:31Z">
          <reporter-output>
          </reporter-output>
        </test-method> <!-- tearDown -->
        <test-method status="PASS" signature="setup()[pri:0, instance:firstPackage.Test3@5622fdf]" name="setup" is-config="true" duration-ms="1726" started-at="2021-04-01T20:13:31Z" finished-at="2021-04-01T20:13:33Z">
          <reporter-output>
          </reporter-output>
        </test-method> <!-- setup -->
        <test-method status="PASS" signature="checkTitle()[pri:0, instance:firstPackage.Test3@5622fdf]" name="checkTitle" duration-ms="4" started-at="2021-04-01T20:13:33Z" finished-at="2021-04-01T20:13:33Z">
          <reporter-output>
          </reporter-output>
        </test-method> <!-- checkTitle -->
        <test-method status="PASS" signature="tearDown()[pri:0, instance:firstPackage.Test3@5622fdf]" name="tearDown" is-config="true" duration-ms="68" started-at="2021-04-01T20:13:33Z" finished-at="2021-04-01T20:13:33Z">
          <reporter-output>
          </reporter-output>
        </test-method> <!-- tearDown -->
      </class> <!-- firstPackage.Test3 -->
    </test> <!-- Default test -->
  </suite> <!-- Default suite -->
</testng-results>
